<?xml version="1.0" encoding="UTF-8"?>
<testsuite name="com.example.g6brombrom.testing.CalculatorTest" tests="1" skipped="0" failures="0" errors="0" timestamp="2022-11-27T20:19:54" hostname="DESKTOP-HPDM975" time="0.011">
  <properties/>
  <testcase name="1 + 1 = 2" classname="com.example.g6brombrom.testing.CalculatorTest" time="0.011"/>
  <system-out><![CDATA[]]></system-out>
  <system-err><![CDATA[]]></system-err>
</testsuite>
